{"/Users/kevin/Workspace/random-quotes/resources/js/appendImage.js": {"path":"/Users/kevin/Workspace/random-quotes/resources/js/appendImage.js","statementMap":{"0":{"start":{"line":1,"column":0},"end":{"line":3,"column":1}},"1":{"start":{"line":2,"column":2},"end":{"line":2,"column":69}}},"fnMap":{"0":{"name":"appendImage","decl":{"start":{"line":1,"column":26},"end":{"line":1,"column":37}},"loc":{"start":{"line":1,"column":47},"end":{"line":3,"column":1}},"line":1}},"branchMap":{},"s":{"0":2,"1":2},"f":{"0":2},"b":{},"_coverageSchema":"332fd63041d2c1bcb487cc26dd0d5f7d97098a6c","hash":"f56a78a514ab3796613c06b209e3f8014ba65ca6"}
,"/Users/kevin/Workspace/random-quotes/resources/js/appendQuote.js": {"path":"/Users/kevin/Workspace/random-quotes/resources/js/appendQuote.js","statementMap":{"0":{"start":{"line":1,"column":0},"end":{"line":3,"column":1}},"1":{"start":{"line":2,"column":2},"end":{"line":2,"column":57}}},"fnMap":{"0":{"name":"appendQuote","decl":{"start":{"line":1,"column":26},"end":{"line":1,"column":37}},"loc":{"start":{"line":1,"column":44},"end":{"line":3,"column":1}},"line":1}},"branchMap":{},"s":{"0":2,"1":2},"f":{"0":2},"b":{},"_coverageSchema":"332fd63041d2c1bcb487cc26dd0d5f7d97098a6c","hash":"6222111ed0b939bf9bcf803dea2cf7026348d0b9"}
,"/Users/kevin/Workspace/random-quotes/resources/js/appendQuoteAndImage.js": {"path":"/Users/kevin/Workspace/random-quotes/resources/js/appendQuoteAndImage.js","statementMap":{"0":{"start":{"line":1,"column":22},"end":{"line":1,"column":48}},"1":{"start":{"line":2,"column":17},"end":{"line":2,"column":38}},"2":{"start":{"line":3,"column":17},"end":{"line":3,"column":38}},"3":{"start":{"line":4,"column":20},"end":{"line":4,"column":44}},"4":{"start":{"line":5,"column":20},"end":{"line":5,"column":44}},"5":{"start":{"line":7,"column":0},"end":{"line":21,"column":1}},"6":{"start":{"line":8,"column":2},"end":{"line":8,"column":18}},"7":{"start":{"line":10,"column":16},"end":{"line":10,"column":32}},"8":{"start":{"line":12,"column":2},"end":{"line":12,"column":31}},"9":{"start":{"line":14,"column":16},"end":{"line":14,"column":49}},"10":{"start":{"line":16,"column":2},"end":{"line":16,"column":25}},"11":{"start":{"line":18,"column":2},"end":{"line":18,"column":18}},"12":{"start":{"line":20,"column":2},"end":{"line":20,"column":31}}},"fnMap":{"0":{"name":"appendQuoteAndImage","decl":{"start":{"line":7,"column":32},"end":{"line":7,"column":51}},"loc":{"start":{"line":7,"column":53},"end":{"line":21,"column":1}},"line":7}},"branchMap":{},"s":{"0":1,"1":1,"2":1,"3":1,"4":1,"5":1,"6":1,"7":1,"8":1,"9":1,"10":1,"11":1,"12":1},"f":{"0":1},"b":{},"_coverageSchema":"332fd63041d2c1bcb487cc26dd0d5f7d97098a6c","hash":"7d2f3a0201c3aa4d95883d6193dec68f14c9c854"}
,"/Users/kevin/Workspace/random-quotes/resources/js/getImage.js": {"path":"/Users/kevin/Workspace/random-quotes/resources/js/getImage.js","statementMap":{"0":{"start":{"line":1,"column":0},"end":{"line":7,"column":1}},"1":{"start":{"line":2,"column":25},"end":{"line":2,"column":55}},"2":{"start":{"line":4,"column":2},"end":{"line":6,"column":80}},"3":{"start":{"line":5,"column":17},"end":{"line":5,"column":27}},"4":{"start":{"line":6,"column":18},"end":{"line":6,"column":78}}},"fnMap":{"0":{"name":"getImage","decl":{"start":{"line":1,"column":26},"end":{"line":1,"column":34}},"loc":{"start":{"line":1,"column":47},"end":{"line":7,"column":1}},"line":1},"1":{"name":"(anonymous_1)","decl":{"start":{"line":5,"column":10},"end":{"line":5,"column":11}},"loc":{"start":{"line":5,"column":17},"end":{"line":5,"column":27}},"line":5},"2":{"name":"(anonymous_2)","decl":{"start":{"line":6,"column":10},"end":{"line":6,"column":11}},"loc":{"start":{"line":6,"column":18},"end":{"line":6,"column":78}},"line":6}},"branchMap":{},"s":{"0":2,"1":2,"2":2,"3":1,"4":1},"f":{"0":2,"1":1,"2":1},"b":{},"_coverageSchema":"332fd63041d2c1bcb487cc26dd0d5f7d97098a6c","hash":"e5815e00167a2e3c4ec31829726f620113f89b23"}
,"/Users/kevin/Workspace/random-quotes/resources/js/getQuote.js": {"path":"/Users/kevin/Workspace/random-quotes/resources/js/getQuote.js","statementMap":{"0":{"start":{"line":1,"column":0},"end":{"line":4,"column":1}},"1":{"start":{"line":2,"column":2},"end":{"line":3,"column":28}},"2":{"start":{"line":3,"column":17},"end":{"line":3,"column":27}}},"fnMap":{"0":{"name":"getQuote","decl":{"start":{"line":1,"column":26},"end":{"line":1,"column":34}},"loc":{"start":{"line":1,"column":36},"end":{"line":4,"column":1}},"line":1},"1":{"name":"(anonymous_1)","decl":{"start":{"line":3,"column":10},"end":{"line":3,"column":11}},"loc":{"start":{"line":3,"column":17},"end":{"line":3,"column":27}},"line":3}},"branchMap":{},"s":{"0":2,"1":2,"2":1},"f":{"0":2,"1":1},"b":{},"_coverageSchema":"332fd63041d2c1bcb487cc26dd0d5f7d97098a6c","hash":"64441ef9e1c656520a54b12a5d9ce85f0da606ca"}
,"/Users/kevin/Workspace/random-quotes/resources/js/toggleLoading.js": {"path":"/Users/kevin/Workspace/random-quotes/resources/js/toggleLoading.js","statementMap":{"0":{"start":{"line":1,"column":0},"end":{"line":14,"column":1}},"1":{"start":{"line":2,"column":21},"end":{"line":2,"column":55}},"2":{"start":{"line":3,"column":19},"end":{"line":3,"column":51}},"3":{"start":{"line":5,"column":2},"end":{"line":12,"column":3}},"4":{"start":{"line":6,"column":4},"end":{"line":6,"column":39}},"5":{"start":{"line":7,"column":4},"end":{"line":7,"column":36}},"6":{"start":{"line":9,"column":7},"end":{"line":12,"column":3}},"7":{"start":{"line":10,"column":4},"end":{"line":10,"column":38}},"8":{"start":{"line":11,"column":4},"end":{"line":11,"column":37}}},"fnMap":{"0":{"name":"toggleLoading","decl":{"start":{"line":1,"column":26},"end":{"line":1,"column":39}},"loc":{"start":{"line":1,"column":41},"end":{"line":14,"column":1}},"line":1}},"branchMap":{"0":{"loc":{"start":{"line":5,"column":2},"end":{"line":12,"column":3}},"type":"if","locations":[{"start":{"line":5,"column":2},"end":{"line":12,"column":3}},{"start":{"line":5,"column":2},"end":{"line":12,"column":3}}],"line":5},"1":{"loc":{"start":{"line":5,"column":5},"end":{"line":5,"column":75}},"type":"binary-expr","locations":[{"start":{"line":5,"column":5},"end":{"line":5,"column":36}},{"start":{"line":5,"column":40},"end":{"line":5,"column":75}}],"line":5},"2":{"loc":{"start":{"line":9,"column":7},"end":{"line":12,"column":3}},"type":"if","locations":[{"start":{"line":9,"column":7},"end":{"line":12,"column":3}},{"start":{"line":9,"column":7},"end":{"line":12,"column":3}}],"line":9}},"s":{"0":2,"1":9,"2":9,"3":9,"4":5,"5":5,"6":4,"7":4,"8":4},"f":{"0":9},"b":{"0":[5,4],"1":[9,5],"2":[4,0]},"_coverageSchema":"332fd63041d2c1bcb487cc26dd0d5f7d97098a6c","hash":"935d680ec20df561d0b65213fef1e841729d32ab"}
}
