{"/Users/kevin/Workspace/random-quotes/resources/js/appendImage.js": {"path":"/Users/kevin/Workspace/random-quotes/resources/js/appendImage.js","statementMap":{"0":{"start":{"line":1,"column":21},"end":{"line":1,"column":46}},"1":{"start":{"line":3,"column":0},"end":{"line":9,"column":1}},"2":{"start":{"line":5,"column":19},"end":{"line":5,"column":47}},"3":{"start":{"line":7,"column":2},"end":{"line":7,"column":69}}},"fnMap":{"0":{"name":"appendImage","decl":{"start":{"line":3,"column":32},"end":{"line":3,"column":43}},"loc":{"start":{"line":3,"column":53},"end":{"line":9,"column":1}},"line":3}},"branchMap":{},"s":{"0":2,"1":2,"2":2,"3":2},"f":{"0":2},"b":{},"_coverageSchema":"332fd63041d2c1bcb487cc26dd0d5f7d97098a6c","hash":"c151f8244b55b6a8ff94d8a492390c724891da8d"}
,"/Users/kevin/Workspace/random-quotes/resources/js/appendQuote.js": {"path":"/Users/kevin/Workspace/random-quotes/resources/js/appendQuote.js","statementMap":{"0":{"start":{"line":1,"column":0},"end":{"line":3,"column":1}},"1":{"start":{"line":2,"column":2},"end":{"line":2,"column":73}}},"fnMap":{"0":{"name":"appendQuote","decl":{"start":{"line":1,"column":26},"end":{"line":1,"column":37}},"loc":{"start":{"line":1,"column":52},"end":{"line":3,"column":1}},"line":1}},"branchMap":{},"s":{"0":2,"1":2},"f":{"0":2},"b":{},"_coverageSchema":"332fd63041d2c1bcb487cc26dd0d5f7d97098a6c","hash":"f7ab2d0d14e44354ba735fca12a737abbb4eb8c6"}
,"/Users/kevin/Workspace/random-quotes/resources/js/appendQuoteAndImage.js": {"path":"/Users/kevin/Workspace/random-quotes/resources/js/appendQuoteAndImage.js","statementMap":{"0":{"start":{"line":1,"column":22},"end":{"line":1,"column":48}},"1":{"start":{"line":2,"column":17},"end":{"line":2,"column":38}},"2":{"start":{"line":3,"column":17},"end":{"line":3,"column":38}},"3":{"start":{"line":4,"column":20},"end":{"line":4,"column":44}},"4":{"start":{"line":5,"column":20},"end":{"line":5,"column":44}},"5":{"start":{"line":7,"column":0},"end":{"line":23,"column":1}},"6":{"start":{"line":8,"column":2},"end":{"line":8,"column":18}},"7":{"start":{"line":10,"column":16},"end":{"line":10,"column":32}},"8":{"start":{"line":12,"column":2},"end":{"line":12,"column":50}},"9":{"start":{"line":14,"column":16},"end":{"line":14,"column":49}},"10":{"start":{"line":16,"column":2},"end":{"line":18,"column":3}},"11":{"start":{"line":17,"column":4},"end":{"line":17,"column":37}},"12":{"start":{"line":20,"column":2},"end":{"line":20,"column":18}},"13":{"start":{"line":22,"column":2},"end":{"line":22,"column":31}}},"fnMap":{"0":{"name":"appendQuoteAndImage","decl":{"start":{"line":7,"column":32},"end":{"line":7,"column":51}},"loc":{"start":{"line":7,"column":53},"end":{"line":23,"column":1}},"line":7}},"branchMap":{"0":{"loc":{"start":{"line":16,"column":2},"end":{"line":18,"column":3}},"type":"if","locations":[{"start":{"line":16,"column":2},"end":{"line":18,"column":3}},{"start":{"line":16,"column":2},"end":{"line":18,"column":3}}],"line":16}},"s":{"0":1,"1":1,"2":1,"3":1,"4":1,"5":1,"6":1,"7":1,"8":1,"9":1,"10":1,"11":1,"12":1,"13":1},"f":{"0":1},"b":{"0":[1,0]},"_coverageSchema":"332fd63041d2c1bcb487cc26dd0d5f7d97098a6c","hash":"fe38ed58d17421aab7955e6855c21538b9fdeb18"}
,"/Users/kevin/Workspace/random-quotes/resources/js/getImage.js": {"path":"/Users/kevin/Workspace/random-quotes/resources/js/getImage.js","statementMap":{"0":{"start":{"line":1,"column":0},"end":{"line":18,"column":1}},"1":{"start":{"line":2,"column":25},"end":{"line":2,"column":55}},"2":{"start":{"line":4,"column":2},"end":{"line":17,"column":7}},"3":{"start":{"line":5,"column":17},"end":{"line":5,"column":27}},"4":{"start":{"line":8,"column":22},"end":{"line":8,"column":31}},"5":{"start":{"line":10,"column":6},"end":{"line":15,"column":7}},"6":{"start":{"line":11,"column":8},"end":{"line":11,"column":73}},"7":{"start":{"line":14,"column":8},"end":{"line":14,"column":42}}},"fnMap":{"0":{"name":"getImage","decl":{"start":{"line":1,"column":26},"end":{"line":1,"column":34}},"loc":{"start":{"line":1,"column":47},"end":{"line":18,"column":1}},"line":1},"1":{"name":"(anonymous_1)","decl":{"start":{"line":5,"column":10},"end":{"line":5,"column":11}},"loc":{"start":{"line":5,"column":17},"end":{"line":5,"column":27}},"line":5},"2":{"name":"(anonymous_2)","decl":{"start":{"line":6,"column":10},"end":{"line":6,"column":11}},"loc":{"start":{"line":6,"column":18},"end":{"line":17,"column":5}},"line":6}},"branchMap":{"0":{"loc":{"start":{"line":10,"column":6},"end":{"line":15,"column":7}},"type":"if","locations":[{"start":{"line":10,"column":6},"end":{"line":15,"column":7}},{"start":{"line":10,"column":6},"end":{"line":15,"column":7}}],"line":10}},"s":{"0":2,"1":2,"2":2,"3":1,"4":1,"5":1,"6":1,"7":0},"f":{"0":2,"1":1,"2":1},"b":{"0":[1,0]},"_coverageSchema":"332fd63041d2c1bcb487cc26dd0d5f7d97098a6c","hash":"00c3de56d93bd092dd322c6905a3f8c92f1a25f4"}
,"/Users/kevin/Workspace/random-quotes/resources/js/getQuote.js": {"path":"/Users/kevin/Workspace/random-quotes/resources/js/getQuote.js","statementMap":{"0":{"start":{"line":1,"column":0},"end":{"line":4,"column":1}},"1":{"start":{"line":2,"column":2},"end":{"line":3,"column":28}},"2":{"start":{"line":3,"column":17},"end":{"line":3,"column":27}}},"fnMap":{"0":{"name":"getQuote","decl":{"start":{"line":1,"column":26},"end":{"line":1,"column":34}},"loc":{"start":{"line":1,"column":36},"end":{"line":4,"column":1}},"line":1},"1":{"name":"(anonymous_1)","decl":{"start":{"line":3,"column":10},"end":{"line":3,"column":11}},"loc":{"start":{"line":3,"column":17},"end":{"line":3,"column":27}},"line":3}},"branchMap":{},"s":{"0":2,"1":2,"2":1},"f":{"0":2,"1":1},"b":{},"_coverageSchema":"332fd63041d2c1bcb487cc26dd0d5f7d97098a6c","hash":"64441ef9e1c656520a54b12a5d9ce85f0da606ca"}
,"/Users/kevin/Workspace/random-quotes/resources/js/index.js": {"path":"/Users/kevin/Workspace/random-quotes/resources/js/index.js","statementMap":{"0":{"start":{"line":1,"column":28},"end":{"line":1,"column":60}},"1":{"start":{"line":3,"column":0},"end":{"line":3,"column":22}},"2":{"start":{"line":5,"column":0},"end":{"line":5,"column":87}}},"fnMap":{},"branchMap":{},"s":{"0":1,"1":1,"2":1},"f":{},"b":{},"_coverageSchema":"332fd63041d2c1bcb487cc26dd0d5f7d97098a6c","hash":"a1537c46cbe3ca923c5ac996625f18dde67af0f1"}
,"/Users/kevin/Workspace/random-quotes/resources/js/toggleLoading.js": {"path":"/Users/kevin/Workspace/random-quotes/resources/js/toggleLoading.js","statementMap":{"0":{"start":{"line":1,"column":0},"end":{"line":14,"column":1}},"1":{"start":{"line":2,"column":21},"end":{"line":2,"column":55}},"2":{"start":{"line":3,"column":19},"end":{"line":3,"column":51}},"3":{"start":{"line":5,"column":2},"end":{"line":12,"column":3}},"4":{"start":{"line":6,"column":4},"end":{"line":6,"column":39}},"5":{"start":{"line":7,"column":4},"end":{"line":7,"column":36}},"6":{"start":{"line":9,"column":7},"end":{"line":12,"column":3}},"7":{"start":{"line":10,"column":4},"end":{"line":10,"column":38}},"8":{"start":{"line":11,"column":4},"end":{"line":11,"column":37}}},"fnMap":{"0":{"name":"toggleLoading","decl":{"start":{"line":1,"column":26},"end":{"line":1,"column":39}},"loc":{"start":{"line":1,"column":41},"end":{"line":14,"column":1}},"line":1}},"branchMap":{"0":{"loc":{"start":{"line":5,"column":2},"end":{"line":12,"column":3}},"type":"if","locations":[{"start":{"line":5,"column":2},"end":{"line":12,"column":3}},{"start":{"line":5,"column":2},"end":{"line":12,"column":3}}],"line":5},"1":{"loc":{"start":{"line":5,"column":5},"end":{"line":5,"column":75}},"type":"binary-expr","locations":[{"start":{"line":5,"column":5},"end":{"line":5,"column":36}},{"start":{"line":5,"column":40},"end":{"line":5,"column":75}}],"line":5},"2":{"loc":{"start":{"line":9,"column":7},"end":{"line":12,"column":3}},"type":"if","locations":[{"start":{"line":9,"column":7},"end":{"line":12,"column":3}},{"start":{"line":9,"column":7},"end":{"line":12,"column":3}}],"line":9}},"s":{"0":2,"1":9,"2":9,"3":9,"4":5,"5":5,"6":4,"7":4,"8":4},"f":{"0":9},"b":{"0":[5,4],"1":[9,5],"2":[4,0]},"_coverageSchema":"332fd63041d2c1bcb487cc26dd0d5f7d97098a6c","hash":"935d680ec20df561d0b65213fef1e841729d32ab"}
}
