TN:
SF:/Users/kevin/Workspace/random-quotes/resources/js/appendImage.js
FN:3,appendImage
FNF:1
FNH:1
FNDA:2,appendImage
DA:1,2
DA:3,2
DA:5,2
DA:7,2
LF:4
LH:4
BRF:0
BRH:0
end_of_record
TN:
SF:/Users/kevin/Workspace/random-quotes/resources/js/appendQuote.js
FN:1,appendQuote
FNF:1
FNH:1
FNDA:2,appendQuote
DA:1,2
DA:2,2
LF:2
LH:2
BRF:0
BRH:0
end_of_record
TN:
SF:/Users/kevin/Workspace/random-quotes/resources/js/appendQuoteAndImage.js
FN:7,appendQuoteAndImage
FNF:1
FNH:1
FNDA:1,appendQuoteAndImage
DA:1,1
DA:2,1
DA:3,1
DA:4,1
DA:5,1
DA:7,1
DA:8,1
DA:10,1
DA:12,1
DA:14,1
DA:16,1
DA:17,1
DA:20,1
DA:22,1
LF:14
LH:14
BRDA:16,0,0,1
BRDA:16,0,1,0
BRF:2
BRH:1
end_of_record
TN:
SF:/Users/kevin/Workspace/random-quotes/resources/js/getImage.js
FN:1,getImage
FN:5,(anonymous_1)
FN:6,(anonymous_2)
FNF:3
FNH:3
FNDA:2,getImage
FNDA:1,(anonymous_1)
FNDA:1,(anonymous_2)
DA:1,2
DA:2,2
DA:4,2
DA:5,1
DA:8,1
DA:10,1
DA:11,1
DA:14,0
LF:8
LH:7
BRDA:10,0,0,1
BRDA:10,0,1,0
BRF:2
BRH:1
end_of_record
TN:
SF:/Users/kevin/Workspace/random-quotes/resources/js/getQuote.js
FN:1,getQuote
FN:3,(anonymous_1)
FNF:2
FNH:2
FNDA:2,getQuote
FNDA:1,(anonymous_1)
DA:1,2
DA:2,2
DA:3,1
LF:3
LH:3
BRF:0
BRH:0
end_of_record
TN:
SF:/Users/kevin/Workspace/random-quotes/resources/js/index.js
FNF:0
FNH:0
DA:1,1
DA:3,1
DA:5,1
LF:3
LH:3
BRF:0
BRH:0
end_of_record
TN:
SF:/Users/kevin/Workspace/random-quotes/resources/js/toggleLoading.js
FN:1,toggleLoading
FNF:1
FNH:1
FNDA:9,toggleLoading
DA:1,2
DA:2,9
DA:3,9
DA:5,9
DA:6,5
DA:7,5
DA:9,4
DA:10,4
DA:11,4
LF:9
LH:9
BRDA:5,0,0,5
BRDA:5,0,1,4
BRDA:5,1,0,9
BRDA:5,1,1,5
BRDA:9,2,0,4
BRDA:9,2,1,0
BRF:6
BRH:5
end_of_record
